[log] stdout/stderr -> /ML-vePFS/research_gen/vln_uav/opensource/train/action_decoder/tmp/stdout_stderr.log
W0513 10:33:15.507000 1100602 site-packages/torch/distributed/run.py:793] 
W0513 10:33:15.507000 1100602 site-packages/torch/distributed/run.py:793] *****************************************
W0513 10:33:15.507000 1100602 site-packages/torch/distributed/run.py:793] Setting OMP_NUM_THREADS environment variable for each process to be 1 in default, to avoid your system being overloaded, please further tune the variable for optimal performance in your application as needed. 
W0513 10:33:15.507000 1100602 site-packages/torch/distributed/run.py:793] *****************************************
[log] writing rank0 logs to /ML-vePFS/research_gen/vln_uav/opensource/train/action_decoder/tmp/train.log
[config] rank=0 world_size=8 device=cuda:0 cuda=True amp=False
[config] args:
{
  "adapter_frames_chunk": 8,
  "adapter_use_checkpoint": false,
  "amp": false,
  "batch_size": 4,
  "collate_mode": "crop",
  "detail_scale_dim": 64,
  "detail_scale_min_tokens": 350,
  "epochs": 80,
  "export_combined": true,
  "export_name": "infinitystar_up3_plus_adapter_latent2tokens.pt",
  "global_batch_size": 0,
  "grad_clip": 1.0,
  "infinitystar_root": "",
  "infinitystar_vae_path": "/manifold-obs/vln-uav/checkpointsinf/infinitystar_videovae.pth",
  "infinitystar_vae_type": 64,
  "items_key": "ALL",
  "latent_chunk_len": 3,
  "latent_chunk_random": false,
  "latent_cover_all": false,
  "latent_max_windows": 0,
  "latent_stride": 1,
  "latent_use_full": false,
  "log_dir": "/ML-vePFS/research_gen/vln_uav/opensource/train/action_decoder/tmp",
  "log_every": 20,
  "log_file": "train.log",
  "loss_cosine_w": 1.0,
  "loss_cosine_w_end": 0.1,
  "loss_cosine_w_start": 1.0,
  "loss_hold_epochs": 40,
  "loss_mean_w": 0.1,
  "loss_mse_w": 0.0,
  "loss_mse_w_end": 1.0,
  "loss_mse_w_start": 0.1,
  "loss_ramp_end_epoch": 55,
  "loss_ramp_start_epoch": 45,
  "loss_schedule": "none",
  "loss_std_w": 0.1,
  "lr": 0.0001,
  "manifest_json": "/ML-vePFS/research_gen/vln_uav/49frame_dataset/latent_traj_manifest.json",
  "max_items": 0,
  "min_latent_t": null,
  "num_workers": 4,
  "out_dir": "/ML-vePFS/research_gen/vln_uav/opensource/train/action_decoder/tmp",
  "persistent_workers": false,
  "prefetch_factor": 2,
  "require_T": 49,
  "resume": "",
  "save_every": 1,
  "seed": 2026,
  "semantic_scale_dim": 16,
  "semantic_scales": 11,
  "tqdm": true,
  "tsformer_ckpt": "/ML-vePFS/research_gen/vln_uav/Actiondecoder/TSformer-VO-main/checkpoint/checkpoint_model3_exp20.pth",
  "use_feat_proj": 2,
  "use_learnable_dim_proj": 0,
  "vae_disable_slicing": false,
  "vae_disable_tiling": false,
  "vae_num_sample_frames_batch_size": 0,
  "weight_decay": 0.0,
  "workspace_root": "/ML-vePFS/research_gen/vln_uav"
}
/ML-vePFS/research_gen/vln_uav/opensource/Worldmodel/runtime/infinity/models/videovae/modules/quantizer/finite_scalar_quantization.py:144: FutureWarning: `torch.cuda.amp.autocast(args...)` is deprecated. Please use `torch.amp.autocast('cuda', args...)` instead.
  @autocast(enabled = False)
/ML-vePFS/research_gen/vln_uav/opensource/Worldmodel/runtime/infinity/models/videovae/modules/quantizer/finite_scalar_quantization.py:144: FutureWarning: `torch.cuda.amp.autocast(args...)` is deprecated. Please use `torch.amp.autocast('cuda', args...)` instead.
  @autocast(enabled = False)
/ML-vePFS/research_gen/vln_uav/opensource/Worldmodel/runtime/infinity/models/videovae/modules/quantizer/finite_scalar_quantization.py:144: FutureWarning: `torch.cuda.amp.autocast(args...)` is deprecated. Please use `torch.amp.autocast('cuda', args...)` instead.
  @autocast(enabled = False)
/ML-vePFS/research_gen/vln_uav/opensource/Worldmodel/runtime/infinity/models/videovae/modules/quantizer/finite_scalar_quantization.py:144: FutureWarning: `torch.cuda.amp.autocast(args...)` is deprecated. Please use `torch.amp.autocast('cuda', args...)` instead.
  @autocast(enabled = False)
/ML-vePFS/research_gen/vln_uav/opensource/Worldmodel/runtime/infinity/models/videovae/modules/quantizer/finite_scalar_quantization.py:144: FutureWarning: `torch.cuda.amp.autocast(args...)` is deprecated. Please use `torch.amp.autocast('cuda', args...)` instead.
  @autocast(enabled = False)
/ML-vePFS/research_gen/vln_uav/opensource/Worldmodel/runtime/infinity/models/videovae/modules/quantizer/finite_scalar_quantization.py:144: FutureWarning: `torch.cuda.amp.autocast(args...)` is deprecated. Please use `torch.amp.autocast('cuda', args...)` instead.
  @autocast(enabled = False)
/ML-vePFS/research_gen/vln_uav/opensource/Worldmodel/runtime/infinity/models/videovae/modules/quantizer/finite_scalar_quantization.py:144: FutureWarning: `torch.cuda.amp.autocast(args...)` is deprecated. Please use `torch.amp.autocast('cuda', args...)` instead.
  @autocast(enabled = False)
/ML-vePFS/research_gen/vln_uav/opensource/Worldmodel/runtime/infinity/models/videovae/modules/quantizer/finite_scalar_quantization.py:144: FutureWarning: `torch.cuda.amp.autocast(args...)` is deprecated. Please use `torch.amp.autocast('cuda', args...)` instead.
  @autocast(enabled = False)
/ML-vePFS/research_gen/vln_uav/opensource/train/action_decoder/tools/train_stage1_ddp.py:824: FutureWarning: `torch.cuda.amp.GradScaler(args...)` is deprecated. Please use `torch.amp.GradScaler('cuda', args...)` instead.
  scaler = GradScaler(enabled=bool(args.amp) and torch.cuda.is_available())
/ML-vePFS/research_gen/vln_uav/opensource/train/action_decoder/tools/train_stage1_ddp.py:824: FutureWarning: `torch.cuda.amp.GradScaler(args...)` is deprecated. Please use `torch.amp.GradScaler('cuda', args...)` instead.
  scaler = GradScaler(enabled=bool(args.amp) and torch.cuda.is_available())
/ML-vePFS/research_gen/vln_uav/opensource/train/action_decoder/tools/train_stage1_ddp.py:824: FutureWarning: `torch.cuda.amp.GradScaler(args...)` is deprecated. Please use `torch.amp.GradScaler('cuda', args...)` instead.
  scaler = GradScaler(enabled=bool(args.amp) and torch.cuda.is_available())
/ML-vePFS/research_gen/vln_uav/opensource/train/action_decoder/tools/train_stage1_ddp.py:824: FutureWarning: `torch.cuda.amp.GradScaler(args...)` is deprecated. Please use `torch.amp.GradScaler('cuda', args...)` instead.
  scaler = GradScaler(enabled=bool(args.amp) and torch.cuda.is_available())
/ML-vePFS/research_gen/vln_uav/opensource/train/action_decoder/tools/train_stage1_ddp.py:824: FutureWarning: `torch.cuda.amp.GradScaler(args...)` is deprecated. Please use `torch.amp.GradScaler('cuda', args...)` instead.
  scaler = GradScaler(enabled=bool(args.amp) and torch.cuda.is_available())
/ML-vePFS/research_gen/vln_uav/opensource/train/action_decoder/tools/train_stage1_ddp.py:824: FutureWarning: `torch.cuda.amp.GradScaler(args...)` is deprecated. Please use `torch.amp.GradScaler('cuda', args...)` instead.
  scaler = GradScaler(enabled=bool(args.amp) and torch.cuda.is_available())
/ML-vePFS/research_gen/vln_uav/opensource/train/action_decoder/tools/train_stage1_ddp.py:824: FutureWarning: `torch.cuda.amp.GradScaler(args...)` is deprecated. Please use `torch.amp.GradScaler('cuda', args...)` instead.
  scaler = GradScaler(enabled=bool(args.amp) and torch.cuda.is_available())
/ML-vePFS/research_gen/vln_uav/opensource/train/action_decoder/tools/train_stage1_ddp.py:458: FutureWarning: `torch.cuda.amp.autocast(args...)` is deprecated. Please use `torch.amp.autocast('cuda', args...)` instead.
  amp_ctx = autocast(enabled=bool(amp_enabled) and torch.cuda.is_available())
/ML-vePFS/research_gen/vln_uav/opensource/train/action_decoder/tools/train_stage1_ddp.py:486: FutureWarning: `torch.cuda.amp.autocast(args...)` is deprecated. Please use `torch.amp.autocast('cuda', args...)` instead.
  amp_ctx_s = autocast(enabled=bool(amp_enabled) and torch.cuda.is_available())
/ML-vePFS/research_gen/vln_uav/opensource/train/action_decoder/tools/train_stage1_ddp.py:824: FutureWarning: `torch.cuda.amp.GradScaler(args...)` is deprecated. Please use `torch.amp.GradScaler('cuda', args...)` instead.
  scaler = GradScaler(enabled=bool(args.amp) and torch.cuda.is_available())
[stage1] items=10192 batch_size=4 global_batch_size=32 latent_chunk_len=3 latent_use_full=False latent_cover_all=False expected_T=9
stage1 epoch 1/80:   0%|          | 0/318 [00:00<?, ?it/s]/ML-vePFS/research_gen/vln_uav/opensource/train/action_decoder/tools/train_stage1_ddp.py:458: FutureWarning: `torch.cuda.amp.autocast(args...)` is deprecated. Please use `torch.amp.autocast('cuda', args...)` instead.
  amp_ctx = autocast(enabled=bool(amp_enabled) and torch.cuda.is_available())
/ML-vePFS/research_gen/vln_uav/opensource/train/action_decoder/tools/train_stage1_ddp.py:486: FutureWarning: `torch.cuda.amp.autocast(args...)` is deprecated. Please use `torch.amp.autocast('cuda', args...)` instead.
  amp_ctx_s = autocast(enabled=bool(amp_enabled) and torch.cuda.is_available())
[log] stdout/stderr -> /ML-vePFS/research_gen/vln_uav/opensource/train/action_decoder/tmp/stdout_stderr.log
W0513 10:35:52.483000 1106012 site-packages/torch/distributed/run.py:793] 
W0513 10:35:52.483000 1106012 site-packages/torch/distributed/run.py:793] *****************************************
W0513 10:35:52.483000 1106012 site-packages/torch/distributed/run.py:793] Setting OMP_NUM_THREADS environment variable for each process to be 1 in default, to avoid your system being overloaded, please further tune the variable for optimal performance in your application as needed. 
W0513 10:35:52.483000 1106012 site-packages/torch/distributed/run.py:793] *****************************************
[log] writing rank0 logs to /ML-vePFS/research_gen/vln_uav/opensource/train/action_decoder/tmp/train.log
[config] rank=0 world_size=8 device=cuda:0 cuda=True amp=False
[config] args:
{
  "adapter_frames_chunk": 8,
  "adapter_use_checkpoint": false,
  "amp": false,
  "batch_size": 4,
  "collate_mode": "crop",
  "detail_scale_dim": 64,
  "detail_scale_min_tokens": 350,
  "epochs": 80,
  "export_combined": true,
  "export_name": "infinitystar_up3_plus_adapter_latent2tokens.pt",
  "global_batch_size": 0,
  "grad_clip": 1.0,
  "infinitystar_root": "",
  "infinitystar_vae_path": "/manifold-obs/vln-uav/checkpointsinf/infinitystar_videovae.pth",
  "infinitystar_vae_type": 64,
  "items_key": "ALL",
  "latent_chunk_len": 3,
  "latent_chunk_random": false,
  "latent_cover_all": false,
  "latent_max_windows": 0,
  "latent_stride": 1,
  "latent_use_full": false,
  "log_dir": "/ML-vePFS/research_gen/vln_uav/opensource/train/action_decoder/tmp",
  "log_every": 20,
  "log_file": "train.log",
  "loss_cosine_w": 1.0,
  "loss_cosine_w_end": 0.1,
  "loss_cosine_w_start": 1.0,
  "loss_hold_epochs": 40,
  "loss_mean_w": 0.1,
  "loss_mse_w": 0.0,
  "loss_mse_w_end": 1.0,
  "loss_mse_w_start": 0.1,
  "loss_ramp_end_epoch": 55,
  "loss_ramp_start_epoch": 45,
  "loss_schedule": "none",
  "loss_std_w": 0.1,
  "lr": 0.0001,
  "manifest_json": "/ML-vePFS/research_gen/vln_uav/49frame_dataset/latent_traj_manifest.json",
  "max_items": 0,
  "min_latent_t": null,
  "num_workers": 4,
  "out_dir": "/ML-vePFS/research_gen/vln_uav/opensource/train/action_decoder/tmp",
  "persistent_workers": false,
  "prefetch_factor": 2,
  "require_T": 49,
  "resume": "",
  "save_every": 1,
  "seed": 2026,
  "semantic_scale_dim": 16,
  "semantic_scales": 11,
  "tqdm": true,
  "tsformer_ckpt": "/ML-vePFS/research_gen/vln_uav/Actiondecoder/TSformer-VO-main/checkpoint/checkpoint_model3_exp20.pth",
  "use_feat_proj": 2,
  "use_learnable_dim_proj": 0,
  "vae_disable_slicing": false,
  "vae_disable_tiling": false,
  "vae_num_sample_frames_batch_size": 0,
  "weight_decay": 0.0,
  "workspace_root": "/ML-vePFS/research_gen/vln_uav"
}
/ML-vePFS/research_gen/vln_uav/opensource/Worldmodel/runtime/infinity/models/videovae/modules/quantizer/finite_scalar_quantization.py:144: FutureWarning: `torch.cuda.amp.autocast(args...)` is deprecated. Please use `torch.amp.autocast('cuda', args...)` instead.
  @autocast(enabled = False)
/ML-vePFS/research_gen/vln_uav/opensource/Worldmodel/runtime/infinity/models/videovae/modules/quantizer/finite_scalar_quantization.py:144: FutureWarning: `torch.cuda.amp.autocast(args...)` is deprecated. Please use `torch.amp.autocast('cuda', args...)` instead.
  @autocast(enabled = False)
/ML-vePFS/research_gen/vln_uav/opensource/Worldmodel/runtime/infinity/models/videovae/modules/quantizer/finite_scalar_quantization.py:144: FutureWarning: `torch.cuda.amp.autocast(args...)` is deprecated. Please use `torch.amp.autocast('cuda', args...)` instead.
  @autocast(enabled = False)
/ML-vePFS/research_gen/vln_uav/opensource/Worldmodel/runtime/infinity/models/videovae/modules/quantizer/finite_scalar_quantization.py:144: FutureWarning: `torch.cuda.amp.autocast(args...)` is deprecated. Please use `torch.amp.autocast('cuda', args...)` instead.
  @autocast(enabled = False)
/ML-vePFS/research_gen/vln_uav/opensource/Worldmodel/runtime/infinity/models/videovae/modules/quantizer/finite_scalar_quantization.py:144: FutureWarning: `torch.cuda.amp.autocast(args...)` is deprecated. Please use `torch.amp.autocast('cuda', args...)` instead.
  @autocast(enabled = False)
/ML-vePFS/research_gen/vln_uav/opensource/Worldmodel/runtime/infinity/models/videovae/modules/quantizer/finite_scalar_quantization.py:144: FutureWarning: `torch.cuda.amp.autocast(args...)` is deprecated. Please use `torch.amp.autocast('cuda', args...)` instead.
  @autocast(enabled = False)
/ML-vePFS/research_gen/vln_uav/opensource/Worldmodel/runtime/infinity/models/videovae/modules/quantizer/finite_scalar_quantization.py:144: FutureWarning: `torch.cuda.amp.autocast(args...)` is deprecated. Please use `torch.amp.autocast('cuda', args...)` instead.
  @autocast(enabled = False)
/ML-vePFS/research_gen/vln_uav/opensource/Worldmodel/runtime/infinity/models/videovae/modules/quantizer/finite_scalar_quantization.py:144: FutureWarning: `torch.cuda.amp.autocast(args...)` is deprecated. Please use `torch.amp.autocast('cuda', args...)` instead.
  @autocast(enabled = False)
/ML-vePFS/research_gen/vln_uav/opensource/train/action_decoder/tools/train_stage1_ddp.py:824: FutureWarning: `torch.cuda.amp.GradScaler(args...)` is deprecated. Please use `torch.amp.GradScaler('cuda', args...)` instead.
  scaler = GradScaler(enabled=bool(args.amp) and torch.cuda.is_available())
/ML-vePFS/research_gen/vln_uav/opensource/train/action_decoder/tools/train_stage1_ddp.py:824: FutureWarning: `torch.cuda.amp.GradScaler(args...)` is deprecated. Please use `torch.amp.GradScaler('cuda', args...)` instead.
  scaler = GradScaler(enabled=bool(args.amp) and torch.cuda.is_available())
/ML-vePFS/research_gen/vln_uav/opensource/train/action_decoder/tools/train_stage1_ddp.py:824: FutureWarning: `torch.cuda.amp.GradScaler(args...)` is deprecated. Please use `torch.amp.GradScaler('cuda', args...)` instead.
  scaler = GradScaler(enabled=bool(args.amp) and torch.cuda.is_available())
/ML-vePFS/research_gen/vln_uav/opensource/train/action_decoder/tools/train_stage1_ddp.py:824: FutureWarning: `torch.cuda.amp.GradScaler(args...)` is deprecated. Please use `torch.amp.GradScaler('cuda', args...)` instead.
  scaler = GradScaler(enabled=bool(args.amp) and torch.cuda.is_available())
/ML-vePFS/research_gen/vln_uav/opensource/train/action_decoder/tools/train_stage1_ddp.py:824: FutureWarning: `torch.cuda.amp.GradScaler(args...)` is deprecated. Please use `torch.amp.GradScaler('cuda', args...)` instead.
  scaler = GradScaler(enabled=bool(args.amp) and torch.cuda.is_available())
/ML-vePFS/research_gen/vln_uav/opensource/train/action_decoder/tools/train_stage1_ddp.py:824: FutureWarning: `torch.cuda.amp.GradScaler(args...)` is deprecated. Please use `torch.amp.GradScaler('cuda', args...)` instead.
  scaler = GradScaler(enabled=bool(args.amp) and torch.cuda.is_available())
/ML-vePFS/research_gen/vln_uav/opensource/train/action_decoder/tools/train_stage1_ddp.py:824: FutureWarning: `torch.cuda.amp.GradScaler(args...)` is deprecated. Please use `torch.amp.GradScaler('cuda', args...)` instead.
  scaler = GradScaler(enabled=bool(args.amp) and torch.cuda.is_available())
/ML-vePFS/research_gen/vln_uav/opensource/train/action_decoder/tools/train_stage1_ddp.py:824: FutureWarning: `torch.cuda.amp.GradScaler(args...)` is deprecated. Please use `torch.amp.GradScaler('cuda', args...)` instead.
  scaler = GradScaler(enabled=bool(args.amp) and torch.cuda.is_available())
[stage1] items=10192 batch_size=4 global_batch_size=32 latent_chunk_len=3 latent_use_full=False latent_cover_all=False expected_T=9
stage1 epoch 1/80:   0%|          | 0/318 [00:00<?, ?it/s]/ML-vePFS/research_gen/vln_uav/opensource/train/action_decoder/tools/train_stage1_ddp.py:458: FutureWarning: `torch.cuda.amp.autocast(args...)` is deprecated. Please use `torch.amp.autocast('cuda', args...)` instead.
  amp_ctx = autocast(enabled=bool(amp_enabled) and torch.cuda.is_available())
/ML-vePFS/research_gen/vln_uav/opensource/train/action_decoder/tools/train_stage1_ddp.py:486: FutureWarning: `torch.cuda.amp.autocast(args...)` is deprecated. Please use `torch.amp.autocast('cuda', args...)` instead.
  amp_ctx_s = autocast(enabled=bool(amp_enabled) and torch.cuda.is_available())
/ML-vePFS/research_gen/vln_uav/opensource/train/action_decoder/tools/train_stage1_ddp.py:458: FutureWarning: `torch.cuda.amp.autocast(args...)` is deprecated. Please use `torch.amp.autocast('cuda', args...)` instead.
  amp_ctx = autocast(enabled=bool(amp_enabled) and torch.cuda.is_available())
/ML-vePFS/research_gen/vln_uav/opensource/train/action_decoder/tools/train_stage1_ddp.py:486: FutureWarning: `torch.cuda.amp.autocast(args...)` is deprecated. Please use `torch.amp.autocast('cuda', args...)` instead.
  amp_ctx_s = autocast(enabled=bool(amp_enabled) and torch.cuda.is_available())
[log] stdout/stderr -> /ML-vePFS/research_gen/vln_uav/opensource/train/action_decoder/tmp/stdout_stderr.log
W0513 10:43:11.138000 1114345 site-packages/torch/distributed/run.py:793] 
W0513 10:43:11.138000 1114345 site-packages/torch/distributed/run.py:793] *****************************************
W0513 10:43:11.138000 1114345 site-packages/torch/distributed/run.py:793] Setting OMP_NUM_THREADS environment variable for each process to be 1 in default, to avoid your system being overloaded, please further tune the variable for optimal performance in your application as needed. 
W0513 10:43:11.138000 1114345 site-packages/torch/distributed/run.py:793] *****************************************
[log] writing rank0 logs to /ML-vePFS/research_gen/vln_uav/opensource/train/action_decoder/tmp/train.log
[config] rank=0 world_size=8 device=cuda:0 cuda=True amp=True
[config] args:
{
  "adapter_frames_chunk": 2,
  "adapter_use_checkpoint": true,
  "amp": true,
  "batch_size": 4,
  "collate_mode": "per_sample",
  "detail_scale_dim": 64,
  "detail_scale_min_tokens": 350,
  "epochs": 100,
  "export_combined": true,
  "export_name": "infinitystar_up3_plus_adapter_latent2tokens.pt",
  "global_batch_size": 32,
  "grad_clip": 2.0,
  "infinitystar_root": "",
  "infinitystar_vae_path": "/manifold-obs/vln-uav/checkpointsinf/infinitystar_videovae.pth",
  "infinitystar_vae_type": 64,
  "items_key": "ALL",
  "latent_chunk_len": 3,
  "latent_chunk_random": false,
  "latent_cover_all": false,
  "latent_max_windows": 0,
  "latent_stride": 1,
  "latent_use_full": true,
  "log_dir": "/ML-vePFS/research_gen/vln_uav/opensource/train/action_decoder/tmp",
  "log_every": 20,
  "log_file": "train.log",
  "loss_cosine_w": 1.0,
  "loss_cosine_w_end": 0.1,
  "loss_cosine_w_start": 1.0,
  "loss_hold_epochs": 40,
  "loss_mean_w": 0.0,
  "loss_mse_w": 0.1,
  "loss_mse_w_end": 1.0,
  "loss_mse_w_start": 0.1,
  "loss_ramp_end_epoch": 55,
  "loss_ramp_start_epoch": 45,
  "loss_schedule": "piecewise_linear",
  "loss_std_w": 0.0,
  "lr": 5e-05,
  "manifest_json": "/ML-vePFS/research_gen/vln_uav/49frame_dataset/latent_traj_manifest.json",
  "max_items": 0,
  "min_latent_t": null,
  "num_workers": 8,
  "out_dir": "/ML-vePFS/research_gen/vln_uav/opensource/train/action_decoder/tmp",
  "persistent_workers": true,
  "prefetch_factor": 2,
  "require_T": 0,
  "resume": "",
  "save_every": 4,
  "seed": 2026,
  "semantic_scale_dim": 16,
  "semantic_scales": 11,
  "tqdm": true,
  "tsformer_ckpt": "/ML-vePFS/research_gen/vln_uav/Actiondecoder/TSformer-VO-main/checkpoint/checkpoint_model3_exp20.pth",
  "use_feat_proj": 2,
  "use_learnable_dim_proj": 0,
  "vae_disable_slicing": false,
  "vae_disable_tiling": false,
  "vae_num_sample_frames_batch_size": 0,
  "weight_decay": 0.0,
  "workspace_root": "/ML-vePFS/research_gen/vln_uav"
}
[batch] global_batch_size=32 world_size=8 per_gpu_batch=4
/ML-vePFS/research_gen/vln_uav/opensource/Worldmodel/runtime/infinity/models/videovae/modules/quantizer/finite_scalar_quantization.py:144: FutureWarning: `torch.cuda.amp.autocast(args...)` is deprecated. Please use `torch.amp.autocast('cuda', args...)` instead.
  @autocast(enabled = False)
/ML-vePFS/research_gen/vln_uav/opensource/Worldmodel/runtime/infinity/models/videovae/modules/quantizer/finite_scalar_quantization.py:144: FutureWarning: `torch.cuda.amp.autocast(args...)` is deprecated. Please use `torch.amp.autocast('cuda', args...)` instead.
  @autocast(enabled = False)
/ML-vePFS/research_gen/vln_uav/opensource/Worldmodel/runtime/infinity/models/videovae/modules/quantizer/finite_scalar_quantization.py:144: FutureWarning: `torch.cuda.amp.autocast(args...)` is deprecated. Please use `torch.amp.autocast('cuda', args...)` instead.
  @autocast(enabled = False)
/ML-vePFS/research_gen/vln_uav/opensource/Worldmodel/runtime/infinity/models/videovae/modules/quantizer/finite_scalar_quantization.py:144: FutureWarning: `torch.cuda.amp.autocast(args...)` is deprecated. Please use `torch.amp.autocast('cuda', args...)` instead.
  @autocast(enabled = False)
/ML-vePFS/research_gen/vln_uav/opensource/Worldmodel/runtime/infinity/models/videovae/modules/quantizer/finite_scalar_quantization.py:144: FutureWarning: `torch.cuda.amp.autocast(args...)` is deprecated. Please use `torch.amp.autocast('cuda', args...)` instead.
  @autocast(enabled = False)
/ML-vePFS/research_gen/vln_uav/opensource/Worldmodel/runtime/infinity/models/videovae/modules/quantizer/finite_scalar_quantization.py:144: FutureWarning: `torch.cuda.amp.autocast(args...)` is deprecated. Please use `torch.amp.autocast('cuda', args...)` instead.
  @autocast(enabled = False)
/ML-vePFS/research_gen/vln_uav/opensource/Worldmodel/runtime/infinity/models/videovae/modules/quantizer/finite_scalar_quantization.py:144: FutureWarning: `torch.cuda.amp.autocast(args...)` is deprecated. Please use `torch.amp.autocast('cuda', args...)` instead.
  @autocast(enabled = False)
/ML-vePFS/research_gen/vln_uav/opensource/Worldmodel/runtime/infinity/models/videovae/modules/quantizer/finite_scalar_quantization.py:144: FutureWarning: `torch.cuda.amp.autocast(args...)` is deprecated. Please use `torch.amp.autocast('cuda', args...)` instead.
  @autocast(enabled = False)
/ML-vePFS/research_gen/vln_uav/opensource/train/action_decoder/tools/train_stage1_ddp.py:824: FutureWarning: `torch.cuda.amp.GradScaler(args...)` is deprecated. Please use `torch.amp.GradScaler('cuda', args...)` instead.
  scaler = GradScaler(enabled=bool(args.amp) and torch.cuda.is_available())
/ML-vePFS/research_gen/vln_uav/opensource/train/action_decoder/tools/train_stage1_ddp.py:824: FutureWarning: `torch.cuda.amp.GradScaler(args...)` is deprecated. Please use `torch.amp.GradScaler('cuda', args...)` instead.
  scaler = GradScaler(enabled=bool(args.amp) and torch.cuda.is_available())
/ML-vePFS/research_gen/vln_uav/opensource/train/action_decoder/tools/train_stage1_ddp.py:824: FutureWarning: `torch.cuda.amp.GradScaler(args...)` is deprecated. Please use `torch.amp.GradScaler('cuda', args...)` instead.
  scaler = GradScaler(enabled=bool(args.amp) and torch.cuda.is_available())
/ML-vePFS/research_gen/vln_uav/opensource/train/action_decoder/tools/train_stage1_ddp.py:824: FutureWarning: `torch.cuda.amp.GradScaler(args...)` is deprecated. Please use `torch.amp.GradScaler('cuda', args...)` instead.
  scaler = GradScaler(enabled=bool(args.amp) and torch.cuda.is_available())
/ML-vePFS/research_gen/vln_uav/opensource/train/action_decoder/tools/train_stage1_ddp.py:824: FutureWarning: `torch.cuda.amp.GradScaler(args...)` is deprecated. Please use `torch.amp.GradScaler('cuda', args...)` instead.
  scaler = GradScaler(enabled=bool(args.amp) and torch.cuda.is_available())
/ML-vePFS/research_gen/vln_uav/opensource/train/action_decoder/tools/train_stage1_ddp.py:824: FutureWarning: `torch.cuda.amp.GradScaler(args...)` is deprecated. Please use `torch.amp.GradScaler('cuda', args...)` instead.
  scaler = GradScaler(enabled=bool(args.amp) and torch.cuda.is_available())
/ML-vePFS/research_gen/vln_uav/opensource/train/action_decoder/tools/train_stage1_ddp.py:824: FutureWarning: `torch.cuda.amp.GradScaler(args...)` is deprecated. Please use `torch.amp.GradScaler('cuda', args...)` instead.
  scaler = GradScaler(enabled=bool(args.amp) and torch.cuda.is_available())
/ML-vePFS/research_gen/vln_uav/opensource/train/action_decoder/tools/train_stage1_ddp.py:824: FutureWarning: `torch.cuda.amp.GradScaler(args...)` is deprecated. Please use `torch.amp.GradScaler('cuda', args...)` instead.
  scaler = GradScaler(enabled=bool(args.amp) and torch.cuda.is_available())
[stage1] items=10192 batch_size=4 global_batch_size=32 latent_chunk_len=3 latent_use_full=True latent_cover_all=False expected_T=None
stage1 epoch 1/100:   0%|          | 0/318 [00:00<?, ?it/s]/ML-vePFS/research_gen/vln_uav/opensource/train/action_decoder/tools/train_stage1_ddp.py:458: FutureWarning: `torch.cuda.amp.autocast(args...)` is deprecated. Please use `torch.amp.autocast('cuda', args...)` instead.
  amp_ctx = autocast(enabled=bool(amp_enabled) and torch.cuda.is_available())
/ML-vePFS/research_gen/vln_uav/opensource/train/action_decoder/tools/train_stage1_ddp.py:458: FutureWarning: `torch.cuda.amp.autocast(args...)` is deprecated. Please use `torch.amp.autocast('cuda', args...)` instead.
  amp_ctx = autocast(enabled=bool(amp_enabled) and torch.cuda.is_available())
/ML-vePFS/research_gen/vln_uav/opensource/train/action_decoder/tools/train_stage1_ddp.py:458: FutureWarning: `torch.cuda.amp.autocast(args...)` is deprecated. Please use `torch.amp.autocast('cuda', args...)` instead.
  amp_ctx = autocast(enabled=bool(amp_enabled) and torch.cuda.is_available())
/ML-vePFS/research_gen/vln_uav/opensource/train/action_decoder/tools/train_stage1_ddp.py:458: FutureWarning: `torch.cuda.amp.autocast(args...)` is deprecated. Please use `torch.amp.autocast('cuda', args...)` instead.
  amp_ctx = autocast(enabled=bool(amp_enabled) and torch.cuda.is_available())
/ML-vePFS/research_gen/vln_uav/opensource/train/action_decoder/tools/train_stage1_ddp.py:458: FutureWarning: `torch.cuda.amp.autocast(args...)` is deprecated. Please use `torch.amp.autocast('cuda', args...)` instead.
  amp_ctx = autocast(enabled=bool(amp_enabled) and torch.cuda.is_available())
/ML-vePFS/research_gen/vln_uav/opensource/train/action_decoder/tools/train_stage1_ddp.py:458: FutureWarning: `torch.cuda.amp.autocast(args...)` is deprecated. Please use `torch.amp.autocast('cuda', args...)` instead.
  amp_ctx = autocast(enabled=bool(amp_enabled) and torch.cuda.is_available())
/ML-vePFS/research_gen/vln_uav/opensource/train/action_decoder/tools/train_stage1_ddp.py:486: FutureWarning: `torch.cuda.amp.autocast(args...)` is deprecated. Please use `torch.amp.autocast('cuda', args...)` instead.
  amp_ctx_s = autocast(enabled=bool(amp_enabled) and torch.cuda.is_available())
/ML-vePFS/research_gen/vln_uav/opensource/train/action_decoder/tools/train_stage1_ddp.py:486: FutureWarning: `torch.cuda.amp.autocast(args...)` is deprecated. Please use `torch.amp.autocast('cuda', args...)` instead.
  amp_ctx_s = autocast(enabled=bool(amp_enabled) and torch.cuda.is_available())
/ML-vePFS/research_gen/vln_uav/opensource/train/action_decoder/tools/train_stage1_ddp.py:486: FutureWarning: `torch.cuda.amp.autocast(args...)` is deprecated. Please use `torch.amp.autocast('cuda', args...)` instead.
  amp_ctx_s = autocast(enabled=bool(amp_enabled) and torch.cuda.is_available())
/ML-vePFS/research_gen/vln_uav/opensource/train/action_decoder/tools/train_stage1_ddp.py:486: FutureWarning: `torch.cuda.amp.autocast(args...)` is deprecated. Please use `torch.amp.autocast('cuda', args...)` instead.
  amp_ctx_s = autocast(enabled=bool(amp_enabled) and torch.cuda.is_available())
/ML-vePFS/research_gen/vln_uav/opensource/train/action_decoder/tools/train_stage1_ddp.py:486: FutureWarning: `torch.cuda.amp.autocast(args...)` is deprecated. Please use `torch.amp.autocast('cuda', args...)` instead.
  amp_ctx_s = autocast(enabled=bool(amp_enabled) and torch.cuda.is_available())
/ML-vePFS/research_gen/vln_uav/opensource/train/action_decoder/tools/train_stage1_ddp.py:458: FutureWarning: `torch.cuda.amp.autocast(args...)` is deprecated. Please use `torch.amp.autocast('cuda', args...)` instead.
  amp_ctx = autocast(enabled=bool(amp_enabled) and torch.cuda.is_available())
/ML-vePFS/research_gen/vln_uav/opensource/train/action_decoder/tools/train_stage1_ddp.py:486: FutureWarning: `torch.cuda.amp.autocast(args...)` is deprecated. Please use `torch.amp.autocast('cuda', args...)` instead.
  amp_ctx_s = autocast(enabled=bool(amp_enabled) and torch.cuda.is_available())
/ML-vePFS/research_gen/vln_uav/opensource/train/action_decoder/tools/train_stage1_ddp.py:486: FutureWarning: `torch.cuda.amp.autocast(args...)` is deprecated. Please use `torch.amp.autocast('cuda', args...)` instead.
  amp_ctx_s = autocast(enabled=bool(amp_enabled) and torch.cuda.is_available())
/ML-vePFS/research_gen/vln_uav/opensource/train/action_decoder/tools/train_stage1_ddp.py:458: FutureWarning: `torch.cuda.amp.autocast(args...)` is deprecated. Please use `torch.amp.autocast('cuda', args...)` instead.
  amp_ctx = autocast(enabled=bool(amp_enabled) and torch.cuda.is_available())
/ML-vePFS/research_gen/vln_uav/opensource/train/action_decoder/tools/train_stage1_ddp.py:486: FutureWarning: `torch.cuda.amp.autocast(args...)` is deprecated. Please use `torch.amp.autocast('cuda', args...)` instead.
  amp_ctx_s = autocast(enabled=bool(amp_enabled) and torch.cuda.is_available())
stage1 epoch 1/100:   0%|          | 1/318 [00:10<56:51, 10.76s/it]stage1 epoch 1/100:   0%|          | 1/318 [00:10<56:51, 10.76s/it, loss=1.15, cos=1.01, avg=1.15, data_s=3.56, step_s=7.2]stage1 epoch 1/100:   1%|          | 2/318 [00:12<29:04,  5.52s/it, loss=1.15, cos=1.01, avg=1.15, data_s=3.56, step_s=7.2]stage1 epoch 1/100:   1%|          | 2/318 [00:12<29:04,  5.52s/it, loss=0.816, cos=0.669, avg=0.981, data_s=0.000327, step_s=1.64]stage1 epoch 1/100:   1%|          | 3/318 [00:14<19:52,  3.78s/it, loss=0.816, cos=0.669, avg=0.981, data_s=0.000327, step_s=1.64]stage1 epoch 1/100:   1%|          | 3/318 [00:14<19:52,  3.78s/it, loss=0.655, cos=0.62, avg=0.873, data_s=0.0002, step_s=1.71]   stage1 epoch 1/100:   1%|▏         | 4/318 [00:15<15:00,  2.87s/it, loss=0.655, cos=0.62, avg=0.873, data_s=0.0002, step_s=1.71]stage1 epoch 1/100:   1%|▏         | 4/318 [00:15<15:00,  2.87s/it, loss=0.483, cos=0.423, avg=0.775, data_s=0.000169, step_s=1.46]stage1 epoch 1/100:   2%|▏         | 5/318 [00:19<17:20,  3.32s/it, loss=0.483, cos=0.423, avg=0.775, data_s=0.000169, step_s=1.46]stage1 epoch 1/100:   2%|▏         | 5/318 [00:19<17:20,  3.32s/it, loss=0.459, cos=0.412, avg=0.712, data_s=0.000167, step_s=4.13]stage1 epoch 1/100:   2%|▏         | 6/318 [00:24<19:20,  3.72s/it, loss=0.459, cos=0.412, avg=0.712, data_s=0.000167, step_s=4.13]stage1 epoch 1/100:   2%|▏         | 6/318 [00:24<19:20,  3.72s/it, loss=0.405, cos=0.307, avg=0.661, data_s=0.00017, step_s=4.49] 